<?xml version="1.0" encoding="UTF-8"?>
<testng-results ignored="0" total="4" passed="4" failed="0" skipped="0">
  <reporter-output>
  </reporter-output>
  <suite started-at="2024-01-14T14:24:14Z" name="Default suite" finished-at="2024-01-14T14:25:02Z" duration-ms="48421">
    <groups>
      <group name="cucumber">
        <method signature="AbstractTestNGCucumberTests.runScenario(io.cucumber.testng.PickleWrapper, io.cucumber.testng.FeatureWrapper)[pri:0, instance:TestRunner.RunnerTest@64bce832]" name="runScenario" class="io.cucumber.testng.AbstractTestNGCucumberTests"/>
      </group> <!-- cucumber -->
    </groups>
    <test started-at="2024-01-14T14:24:14Z" name="Default test" finished-at="2024-01-14T14:25:02Z" duration-ms="48421">
      <class name="TestRunner.RunnerTest">
        <test-method is-config="true" signature="setUpClass(org.testng.ITestContext)[pri:0, instance:TestRunner.RunnerTest@64bce832]" started-at="2024-01-14T14:24:14Z" name="setUpClass" finished-at="2024-01-14T14:24:14Z" duration-ms="797" status="PASS">
          <params>
            <param index="0">
              <value>
                <![CDATA[org.testng.TestRunner@6069dd38]]>
              </value>
            </param>
          </params>
          <reporter-output>
          </reporter-output>
        </test-method> <!-- setUpClass -->
        <test-method signature="runScenario(io.cucumber.testng.PickleWrapper, io.cucumber.testng.FeatureWrapper)[pri:0, instance:TestRunner.RunnerTest@64bce832]" started-at="2024-01-14T14:24:14Z" name="runScenario" description="Runs Cucumber Scenarios" data-provider="scenarios" finished-at="2024-01-14T14:24:39Z" duration-ms="24240" status="PASS">
          <params>
            <param index="0">
              <value>
                <![CDATA["validate the Login functionality"]]>
              </value>
            </param>
            <param index="1">
              <value>
                <![CDATA["Test the Orange HRM application"]]>
              </value>
            </param>
          </params>
          <reporter-output>
          </reporter-output>
        </test-method> <!-- runScenario -->
        <test-method signature="runScenario(io.cucumber.testng.PickleWrapper, io.cucumber.testng.FeatureWrapper)[pri:0, instance:TestRunner.RunnerTest@64bce832]" started-at="2024-01-14T14:24:39Z" name="runScenario" description="Runs Cucumber Scenarios" data-provider="scenarios" finished-at="2024-01-14T14:24:41Z" duration-ms="1944" status="PASS">
          <params>
            <param index="0">
              <value>
                <![CDATA["validate Home Page functionality"]]>
              </value>
            </param>
            <param index="1">
              <value>
                <![CDATA["Test the Orange HRM application"]]>
              </value>
            </param>
          </params>
          <reporter-output>
          </reporter-output>
        </test-method> <!-- runScenario -->
        <test-method signature="runScenario(io.cucumber.testng.PickleWrapper, io.cucumber.testng.FeatureWrapper)[pri:0, instance:TestRunner.RunnerTest@64bce832]" started-at="2024-01-14T14:24:41Z" name="runScenario" description="Runs Cucumber Scenarios" data-provider="scenarios" finished-at="2024-01-14T14:24:53Z" duration-ms="12219" status="PASS">
          <params>
            <param index="0">
              <value>
                <![CDATA["validate PIM Page Functionality"]]>
              </value>
            </param>
            <param index="1">
              <value>
                <![CDATA["Test the Orange HRM application"]]>
              </value>
            </param>
          </params>
          <reporter-output>
          </reporter-output>
        </test-method> <!-- runScenario -->
        <test-method signature="runScenario(io.cucumber.testng.PickleWrapper, io.cucumber.testng.FeatureWrapper)[pri:0, instance:TestRunner.RunnerTest@64bce832]" started-at="2024-01-14T14:24:53Z" name="runScenario" description="Runs Cucumber Scenarios" data-provider="scenarios" finished-at="2024-01-14T14:25:02Z" duration-ms="9158" status="PASS">
          <params>
            <param index="0">
              <value>
                <![CDATA["Validate Employee list Functionality"]]>
              </value>
            </param>
            <param index="1">
              <value>
                <![CDATA["Test the Orange HRM application"]]>
              </value>
            </param>
          </params>
          <reporter-output>
          </reporter-output>
        </test-method> <!-- runScenario -->
        <test-method is-config="true" signature="tearDownClass()[pri:0, instance:TestRunner.RunnerTest@64bce832]" started-at="2024-01-14T14:25:02Z" name="tearDownClass" finished-at="2024-01-14T14:25:02Z" duration-ms="6" status="PASS">
          <reporter-output>
          </reporter-output>
        </test-method> <!-- tearDownClass -->
      </class> <!-- TestRunner.RunnerTest -->
    </test> <!-- Default test -->
  </suite> <!-- Default suite -->
</testng-results>
