<?xml version="1.0" encoding="UTF-8"?>
<testng-results ignored="0" total="2" passed="2" failed="0" skipped="0">
  <reporter-output>
  </reporter-output>
  <suite started-at="2024-01-14T13:29:08Z" name="Default suite" finished-at="2024-01-14T13:29:25Z" duration-ms="16732">
    <groups>
      <group name="cucumber">
        <method signature="AbstractTestNGCucumberTests.runScenario(io.cucumber.testng.PickleWrapper, io.cucumber.testng.FeatureWrapper)[pri:0, instance:TestRunner.RunnerTest@64bce832]" name="runScenario" class="io.cucumber.testng.AbstractTestNGCucumberTests"/>
      </group> <!-- cucumber -->
    </groups>
    <test started-at="2024-01-14T13:29:08Z" name="Default test" finished-at="2024-01-14T13:29:25Z" duration-ms="16732">
      <class name="TestRunner.RunnerTest">
        <test-method is-config="true" signature="setUpClass(org.testng.ITestContext)[pri:0, instance:TestRunner.RunnerTest@64bce832]" started-at="2024-01-14T13:29:08Z" name="setUpClass" finished-at="2024-01-14T13:29:09Z" duration-ms="555" status="PASS">
          <params>
            <param index="0">
              <value>
                <![CDATA[org.testng.TestRunner@760245e1]]>
              </value>
            </param>
          </params>
          <reporter-output>
          </reporter-output>
        </test-method> <!-- setUpClass -->
        <test-method signature="runScenario(io.cucumber.testng.PickleWrapper, io.cucumber.testng.FeatureWrapper)[pri:0, instance:TestRunner.RunnerTest@64bce832]" started-at="2024-01-14T13:29:09Z" name="runScenario" description="Runs Cucumber Scenarios" data-provider="scenarios" finished-at="2024-01-14T13:29:22Z" duration-ms="13313" status="PASS">
          <params>
            <param index="0">
              <value>
                <![CDATA["validate the Login functionality"]]>
              </value>
            </param>
            <param index="1">
              <value>
                <![CDATA["Test the Orange HRM application"]]>
              </value>
            </param>
          </params>
          <reporter-output>
          </reporter-output>
        </test-method> <!-- runScenario -->
        <test-method signature="runScenario(io.cucumber.testng.PickleWrapper, io.cucumber.testng.FeatureWrapper)[pri:0, instance:TestRunner.RunnerTest@64bce832]" started-at="2024-01-14T13:29:22Z" name="runScenario" description="Runs Cucumber Scenarios" data-provider="scenarios" finished-at="2024-01-14T13:29:25Z" duration-ms="2794" status="PASS">
          <params>
            <param index="0">
              <value>
                <![CDATA["validate Home Page functionality"]]>
              </value>
            </param>
            <param index="1">
              <value>
                <![CDATA["Test the Orange HRM application"]]>
              </value>
            </param>
          </params>
          <reporter-output>
          </reporter-output>
        </test-method> <!-- runScenario -->
        <test-method is-config="true" signature="tearDownClass()[pri:0, instance:TestRunner.RunnerTest@64bce832]" started-at="2024-01-14T13:29:25Z" name="tearDownClass" finished-at="2024-01-14T13:29:25Z" duration-ms="5" status="PASS">
          <reporter-output>
          </reporter-output>
        </test-method> <!-- tearDownClass -->
      </class> <!-- TestRunner.RunnerTest -->
    </test> <!-- Default test -->
  </suite> <!-- Default suite -->
</testng-results>
